<?xml version="1.0" encoding="utf-8"?><testsuites><testsuite name="pytest" errors="0" failures="0" skipped="0" tests="3" time="1.354" timestamp="2024-08-20T04:22:35.298062+00:00" hostname="fv-az1197-609"><testcase classname="src.test_main.TestWeatherScript" name="test_api_endpoint_reachability" time="0.151" /><testcase classname="src.test_main.TestWeatherScript" name="test_api_key_set" time="0.003" /><testcase classname="src.test_main.TestWeatherScript" name="test_setup_logger" time="0.005" /></testsuite></testsuites>